<?xml version="1.0" encoding="UTF-8"?>
<!-- Generated by org.testng.reporters.JUnitXMLReporter -->
<testsuite hostname="SWL067" ignored="0" name="Default test(failed)" tests="1" failures="1" timestamp="03 Nov 2017 07:38:50 GMT" time="0.481" errors="0">
  <testcase name="validLogin" time="0.455" classname="scrmpro.testcases.com.LoginModule">
    <failure type="org.testng.internal.reflect.MethodMatcherException" message="
Data provider mismatch
Method: validLogin([])
Arguments: [(java.lang.String) shalini,(java.lang.String) Kaya@3214,(java.lang.String) ]">
      <![CDATA[org.testng.internal.reflect.MethodMatcherException: 
Data provider mismatch
Method: validLogin([])
Arguments: [(java.lang.String) shalini,(java.lang.String) Kaya@3214,(java.lang.String) ]
... Removed 20 stack frames]]>
    </failure>
  </testcase> <!-- validLogin -->
</testsuite> <!-- Default test(failed) -->
