<?xml version="1.0" encoding="UTF-8"?>
<!-- Generated by org.testng.reporters.JUnitXMLReporter -->
<testsuite hostname="SWL067" ignored="1" name="Default test" tests="2" failures="0" timestamp="23 Nov 2017 07:48:59 GMT" time="44.125" errors="0">
  <testcase name="NavigateOnOppModule" time="13.451" classname="scrmpro.testcases.com.OppModule"/>
  <testcase name="ConvertOpptoQuote" time="12.714" classname="scrmpro.testcases.com.OppModule"/>
  <testcase name="VerifyMandatoryField" time="0.0" classname="scrmpro.testcases.com.OppModule">
    <ignored/>
  </testcase> <!-- VerifyMandatoryField -->
</testsuite> <!-- Default test -->
